<?xml version="1.0" encoding="UTF-8"?>
<!-- Generated by org.testng.reporters.JUnitXMLReporter -->
<testsuite ignored="0" hostname="LAPTOP-PMLHKRM6" failures="1" tests="1" name="Test" time="25.792" errors="0" timestamp="2025-05-30T13:22:24 IST">
  <testcase classname="contact.CreateContactWithLastName" name="createContactWithLastName" time="19.86">
    <failure type="java.lang.AssertionError" message="expected [Bansal_1661] but found [Bansal_1661 ]">
      <![CDATA[java.lang.AssertionError: expected [Bansal_1661] but found [Bansal_1661 ]
at contact.CreateContactWithLastName.createContactWithLastName(CreateContactWithLastName.java:87)
at java.base/java.util.ArrayList.forEach(ArrayList.java:1511)
... Removed 31 stack frames]]>
    </failure>
  </testcase> <!-- createContactWithLastName -->
</testsuite> <!-- Test -->
